d:\opencvprojects\statistic\statistic\x64\debug\vc140.pdb
d:\opencvprojects\statistic\statistic\x64\debug\vc140.idb
d:\opencvprojects\statistic\statistic\x64\debug\buffer.obj
d:\opencvprojects\statistic\statistic\x64\debug\bufferthread.obj
d:\opencvprojects\statistic\statistic\x64\debug\cthread.obj
d:\opencvprojects\statistic\statistic\x64\debug\drawcubic.obj
d:\opencvprojects\statistic\statistic\x64\debug\main.obj
d:\opencvprojects\statistic\statistic\x64\debug\people.obj
d:\opencvprojects\statistic\statistic\x64\debug\position.obj
d:\opencvprojects\statistic\statistic\x64\debug\tools.obj
d:\opencvprojects\statistic\statistic\x64\debug\writefilethread.obj
d:\opencvprojects\statistic\x64\debug\statistic.ilk
d:\opencvprojects\statistic\x64\debug\statistic.exe
d:\opencvprojects\statistic\x64\debug\statistic.pdb
d:\opencvprojects\statistic\statistic\x64\debug\statistic.tlog\cl.command.1.tlog
d:\opencvprojects\statistic\statistic\x64\debug\statistic.tlog\cl.read.1.tlog
d:\opencvprojects\statistic\statistic\x64\debug\statistic.tlog\cl.write.1.tlog
d:\opencvprojects\statistic\statistic\x64\debug\statistic.tlog\link.command.1.tlog
d:\opencvprojects\statistic\statistic\x64\debug\statistic.tlog\link.read.1.tlog
d:\opencvprojects\statistic\statistic\x64\debug\statistic.tlog\link.write.1.tlog
